<?xml version="1.0" encoding="UTF-8"?>
<testng-results ignored="0" total="2" passed="2" failed="0" skipped="0">
  <reporter-output>
  </reporter-output>
  <suite started-at="2022-03-19T20:11:53 IST" name="com.simplilearn.FacebookTest" finished-at="2022-03-19T20:12:26 IST" duration-ms="33496">
    <groups>
    </groups>
    <test started-at="2022-03-19T20:11:53 IST" name="Command line test" finished-at="2022-03-19T20:12:26 IST" duration-ms="33496">
      <class name="com.simplilearn.FacebookTest">
        <test-method is-config="true" signature="beforeMethod()[pri:0, instance:com.simplilearn.FacebookTest@399f45b1]" started-at="2022-03-19T20:11:53 IST" name="beforeMethod" finished-at="2022-03-19T20:11:53 IST" duration-ms="14" status="PASS">
          <reporter-output>
          </reporter-output>
        </test-method> <!-- beforeMethod -->
        <test-method signature="launchFB()[pri:0, instance:com.simplilearn.FacebookTest@399f45b1]" started-at="2022-03-19T20:11:53 IST" name="launchFB" finished-at="2022-03-19T20:12:22 IST" duration-ms="28777" status="PASS">
          <reporter-output>
          </reporter-output>
        </test-method> <!-- launchFB -->
        <test-method is-config="true" signature="afterMethod()[pri:0, instance:com.simplilearn.FacebookTest@399f45b1]" started-at="2022-03-19T20:12:22 IST" name="afterMethod" finished-at="2022-03-19T20:12:22 IST" duration-ms="0" status="PASS">
          <reporter-output>
          </reporter-output>
        </test-method> <!-- afterMethod -->
        <test-method signature="titleTest()[pri:0, instance:com.simplilearn.FacebookTest@399f45b1]" started-at="2022-03-19T20:12:22 IST" name="titleTest" finished-at="2022-03-19T20:12:26 IST" depends-on-methods="com.simplilearn.FacebookTest.launchFB" duration-ms="4266" status="PASS">
          <reporter-output>
          </reporter-output>
        </test-method> <!-- titleTest -->
        <test-method is-config="true" signature="beforeMethod()[pri:0, instance:com.simplilearn.FacebookTest@399f45b1]" started-at="2022-03-19T20:12:22 IST" name="beforeMethod" finished-at="2022-03-19T20:12:22 IST" duration-ms="0" status="PASS">
          <reporter-output>
          </reporter-output>
        </test-method> <!-- beforeMethod -->
        <test-method is-config="true" signature="afterMethod()[pri:0, instance:com.simplilearn.FacebookTest@399f45b1]" started-at="2022-03-19T20:12:26 IST" name="afterMethod" finished-at="2022-03-19T20:12:26 IST" duration-ms="1" status="PASS">
          <reporter-output>
          </reporter-output>
        </test-method> <!-- afterMethod -->
      </class> <!-- com.simplilearn.FacebookTest -->
    </test> <!-- Command line test -->
  </suite> <!-- com.simplilearn.FacebookTest -->
</testng-results>
