<?xml version="1.0" encoding="UTF-8"?>
<testng-results ignored="0" total="2" passed="2" failed="0" skipped="0">
  <reporter-output>
  </reporter-output>
  <suite started-at="2022-03-21T12:38:45 IST" name="Default suite" finished-at="2022-03-21T12:39:28 IST" duration-ms="43134">
    <groups>
      <group name="FB">
        <method signature="FacebookLoginTest.launchFacebook()[pri:0, instance:com.simplilearn.FacebookLoginTest@201a4587]" name="launchFacebook" class="com.simplilearn.FacebookLoginTest"/>
        <method signature="FacebookLoginTest.login()[pri:0, instance:com.simplilearn.FacebookLoginTest@201a4587]" name="login" class="com.simplilearn.FacebookLoginTest"/>
      </group> <!-- FB -->
    </groups>
    <test started-at="2022-03-21T12:38:45 IST" name="Default test" finished-at="2022-03-21T12:39:28 IST" duration-ms="43134">
      <class name="com.simplilearn.FacebookLoginTest">
        <test-method is-config="true" signature="beforeTest()[pri:0, instance:com.simplilearn.FacebookLoginTest@201a4587]" started-at="2022-03-21T12:38:45 IST" name="beforeTest" finished-at="2022-03-21T12:39:15 IST" duration-ms="30251" status="PASS">
          <reporter-output>
          </reporter-output>
        </test-method> <!-- beforeTest -->
        <test-method signature="launchFacebook()[pri:0, instance:com.simplilearn.FacebookLoginTest@201a4587]" started-at="2022-03-21T12:39:15 IST" name="launchFacebook" finished-at="2022-03-21T12:39:25 IST" duration-ms="9416" status="PASS">
          <reporter-output>
          </reporter-output>
        </test-method> <!-- launchFacebook -->
        <test-method signature="login()[pri:0, instance:com.simplilearn.FacebookLoginTest@201a4587]" started-at="2022-03-21T12:39:25 IST" name="login" finished-at="2022-03-21T12:39:28 IST" depends-on-methods="com.simplilearn.FacebookLoginTest.launchFacebook" duration-ms="3178" status="PASS">
          <reporter-output>
          </reporter-output>
        </test-method> <!-- login -->
        <test-method is-config="true" signature="afterTest()[pri:0, instance:com.simplilearn.FacebookLoginTest@201a4587]" started-at="2022-03-21T12:39:28 IST" name="afterTest" finished-at="2022-03-21T12:39:28 IST" duration-ms="0" status="PASS">
          <reporter-output>
          </reporter-output>
        </test-method> <!-- afterTest -->
      </class> <!-- com.simplilearn.FacebookLoginTest -->
    </test> <!-- Default test -->
  </suite> <!-- Default suite -->
</testng-results>
