<?xml version="1.0" encoding="UTF-8"?>
<testng-results ignored="0" total="2" passed="2" failed="0" skipped="0">
  <reporter-output>
  </reporter-output>
  <suite started-at="2022-03-19T20:04:23 IST" name="Suite" finished-at="2022-03-19T20:05:32 IST" duration-ms="69653">
    <groups>
    </groups>
    <test started-at="2022-03-19T20:04:23 IST" name="Test" finished-at="2022-03-19T20:05:32 IST" duration-ms="69653">
      <class name="com.simplilearn.FacebookTest">
        <test-method is-config="true" signature="beforeMethod()[pri:0, instance:com.simplilearn.FacebookTest@505fc5a4]" started-at="2022-03-19T20:04:23 IST" name="beforeMethod" finished-at="2022-03-19T20:04:23 IST" duration-ms="39" status="PASS">
          <reporter-output>
          </reporter-output>
        </test-method> <!-- beforeMethod -->
        <test-method signature="launchFB()[pri:0, instance:com.simplilearn.FacebookTest@505fc5a4]" started-at="2022-03-19T20:04:23 IST" name="launchFB" finished-at="2022-03-19T20:05:27 IST" duration-ms="64438" status="PASS">
          <reporter-output>
          </reporter-output>
        </test-method> <!-- launchFB -->
        <test-method is-config="true" signature="afterMethod()[pri:0, instance:com.simplilearn.FacebookTest@505fc5a4]" started-at="2022-03-19T20:05:27 IST" name="afterMethod" finished-at="2022-03-19T20:05:27 IST" duration-ms="1" status="PASS">
          <reporter-output>
          </reporter-output>
        </test-method> <!-- afterMethod -->
        <test-method is-config="true" signature="beforeMethod()[pri:0, instance:com.simplilearn.FacebookTest@505fc5a4]" started-at="2022-03-19T20:05:27 IST" name="beforeMethod" finished-at="2022-03-19T20:05:27 IST" duration-ms="1" status="PASS">
          <reporter-output>
          </reporter-output>
        </test-method> <!-- beforeMethod -->
        <test-method signature="titleTest()[pri:0, instance:com.simplilearn.FacebookTest@505fc5a4]" started-at="2022-03-19T20:05:27 IST" name="titleTest" finished-at="2022-03-19T20:05:32 IST" depends-on-methods="com.simplilearn.FacebookTest.launchFB" duration-ms="4968" status="PASS">
          <reporter-output>
          </reporter-output>
        </test-method> <!-- titleTest -->
        <test-method is-config="true" signature="afterMethod()[pri:0, instance:com.simplilearn.FacebookTest@505fc5a4]" started-at="2022-03-19T20:05:32 IST" name="afterMethod" finished-at="2022-03-19T20:05:32 IST" duration-ms="0" status="PASS">
          <reporter-output>
          </reporter-output>
        </test-method> <!-- afterMethod -->
      </class> <!-- com.simplilearn.FacebookTest -->
    </test> <!-- Test -->
  </suite> <!-- Suite -->
</testng-results>
