<?xml version="1.0" encoding="UTF-8"?>
<testng-results ignored="0" total="4" passed="4" failed="0" skipped="0">
  <reporter-output>
  </reporter-output>
  <suite started-at="2022-04-04T13:28:13 IST" name="Default suite" finished-at="2022-04-04T13:30:19 IST" duration-ms="125689">
    <groups>
    </groups>
    <test started-at="2022-04-04T13:28:13 IST" name="Default test" finished-at="2022-04-04T13:30:19 IST" duration-ms="125689">
      <class name="com.simplilearn.automatethewebapplication.TestNGTestingWebApp">
        <test-method is-config="true" signature="beforeMethod()[pri:0, instance:com.simplilearn.automatethewebapplication.TestNGTestingWebApp@7a419da4]" started-at="2022-04-04T13:28:13 IST" name="beforeMethod" finished-at="2022-04-04T13:28:13 IST" duration-ms="62" status="PASS">
          <reporter-output>
          </reporter-output>
        </test-method> <!-- beforeMethod -->
        <test-method signature="launchAma()[pri:0, instance:com.simplilearn.automatethewebapplication.TestNGTestingWebApp@7a419da4]" started-at="2022-04-04T13:28:13 IST" name="launchAma" finished-at="2022-04-04T13:29:01 IST" duration-ms="47891" status="PASS">
          <reporter-output>
          </reporter-output>
        </test-method> <!-- launchAma -->
        <test-method is-config="true" signature="afterMethod()[pri:0, instance:com.simplilearn.automatethewebapplication.TestNGTestingWebApp@7a419da4]" started-at="2022-04-04T13:29:01 IST" name="afterMethod" finished-at="2022-04-04T13:29:01 IST" duration-ms="1" status="PASS">
          <reporter-output>
          </reporter-output>
        </test-method> <!-- afterMethod -->
        <test-method is-config="true" signature="beforeMethod()[pri:0, instance:com.simplilearn.automatethewebapplication.TestNGTestingWebApp@7a419da4]" started-at="2022-04-04T13:29:01 IST" name="beforeMethod" finished-at="2022-04-04T13:29:01 IST" duration-ms="1" status="PASS">
          <reporter-output>
          </reporter-output>
        </test-method> <!-- beforeMethod -->
        <test-method signature="testTitle()[pri:0, instance:com.simplilearn.automatethewebapplication.TestNGTestingWebApp@7a419da4]" started-at="2022-04-04T13:29:01 IST" name="testTitle" finished-at="2022-04-04T13:29:01 IST" depends-on-methods="com.simplilearn.automatethewebapplication.TestNGTestingWebApp.launchAma" duration-ms="4" status="PASS">
          <reporter-output>
          </reporter-output>
        </test-method> <!-- testTitle -->
        <test-method is-config="true" signature="afterMethod()[pri:0, instance:com.simplilearn.automatethewebapplication.TestNGTestingWebApp@7a419da4]" started-at="2022-04-04T13:29:01 IST" name="afterMethod" finished-at="2022-04-04T13:29:01 IST" duration-ms="1" status="PASS">
          <reporter-output>
          </reporter-output>
        </test-method> <!-- afterMethod -->
        <test-method is-config="true" signature="beforeMethod()[pri:0, instance:com.simplilearn.automatethewebapplication.TestNGTestingWebApp@7a419da4]" started-at="2022-04-04T13:29:01 IST" name="beforeMethod" finished-at="2022-04-04T13:29:01 IST" duration-ms="0" status="PASS">
          <reporter-output>
          </reporter-output>
        </test-method> <!-- beforeMethod -->
        <test-method signature="login()[pri:2, instance:com.simplilearn.automatethewebapplication.TestNGTestingWebApp@7a419da4]" started-at="2022-04-04T13:29:01 IST" name="login" finished-at="2022-04-04T13:29:38 IST" duration-ms="36411" status="PASS">
          <reporter-output>
          </reporter-output>
        </test-method> <!-- login -->
        <test-method is-config="true" signature="afterMethod()[pri:0, instance:com.simplilearn.automatethewebapplication.TestNGTestingWebApp@7a419da4]" started-at="2022-04-04T13:29:38 IST" name="afterMethod" finished-at="2022-04-04T13:29:38 IST" duration-ms="0" status="PASS">
          <reporter-output>
          </reporter-output>
        </test-method> <!-- afterMethod -->
        <test-method is-config="true" signature="beforeMethod()[pri:0, instance:com.simplilearn.automatethewebapplication.TestNGTestingWebApp@7a419da4]" started-at="2022-04-04T13:29:38 IST" name="beforeMethod" finished-at="2022-04-04T13:29:38 IST" duration-ms="1" status="PASS">
          <reporter-output>
          </reporter-output>
        </test-method> <!-- beforeMethod -->
        <test-method signature="addToCart()[pri:3, instance:com.simplilearn.automatethewebapplication.TestNGTestingWebApp@7a419da4]" started-at="2022-04-04T13:29:38 IST" name="addToCart" finished-at="2022-04-04T13:30:19 IST" duration-ms="41044" status="PASS">
          <reporter-output>
          </reporter-output>
        </test-method> <!-- addToCart -->
        <test-method is-config="true" signature="afterMethod()[pri:0, instance:com.simplilearn.automatethewebapplication.TestNGTestingWebApp@7a419da4]" started-at="2022-04-04T13:30:19 IST" name="afterMethod" finished-at="2022-04-04T13:30:19 IST" duration-ms="0" status="PASS">
          <reporter-output>
          </reporter-output>
        </test-method> <!-- afterMethod -->
      </class> <!-- com.simplilearn.automatethewebapplication.TestNGTestingWebApp -->
    </test> <!-- Default test -->
  </suite> <!-- Default suite -->
</testng-results>
