<?xml version="1.0" encoding="UTF-8"?>
<!-- Generated by org.testng.reporters.JUnitXMLReporter -->
<testsuite ignored="0" hostname="DESKTOP-6D21JBR" failures="0" tests="4" name="Default test" time="125.689" errors="0" timestamp="2022-04-04T13:30:19 IST">
  <testcase classname="com.simplilearn.automatethewebapplication.TestNGTestingWebApp" name="launchAma" time="47.891"/>
  <testcase classname="com.simplilearn.automatethewebapplication.TestNGTestingWebApp" name="testTitle" time="0.004"/>
  <testcase classname="com.simplilearn.automatethewebapplication.TestNGTestingWebApp" name="login" time="36.411"/>
  <testcase classname="com.simplilearn.automatethewebapplication.TestNGTestingWebApp" name="addToCart" time="41.044"/>
</testsuite> <!-- Default test -->
