<?xml version="1.0" encoding="UTF-8"?>
<testng-results ignored="0" total="1" passed="1" failed="0" skipped="0">
  <reporter-output>
  </reporter-output>
  <suite started-at="2022-03-19T15:12:34 IST" name="Default suite" finished-at="2022-03-19T15:12:34 IST" duration-ms="143">
    <groups>
    </groups>
    <test started-at="2022-03-19T15:12:34 IST" name="Default test" finished-at="2022-03-19T15:12:34 IST" duration-ms="143">
      <class name="com.simplilearn.test.TestNg1">
        <test-method signature="testTrue()[pri:0, instance:com.simplilearn.test.TestNg1@5d7148e2]" started-at="2022-03-19T15:12:34 IST" name="testTrue" finished-at="2022-03-19T15:12:34 IST" duration-ms="31" status="PASS">
          <reporter-output>
          </reporter-output>
        </test-method> <!-- testTrue -->
      </class> <!-- com.simplilearn.test.TestNg1 -->
    </test> <!-- Default test -->
  </suite> <!-- Default suite -->
</testng-results>
